0 info it worked if it ends with ok
1 verbose cli [ 'C:\\Program Files\\nodejs\\node.exe',
1 verbose cli   'C:\\Program Files\\nodejs\\node_modules\\npm\\bin\\npm-cli.js',
1 verbose cli   'start' ]
2 info using npm@3.10.8
3 info using node@v6.9.1
4 verbose run-script [ 'prestart', 'start', 'poststart' ]
5 info lifecycle angular-webpack-workflow@1.1.0~prestart: angular-webpack-workflow@1.1.0
6 silly lifecycle angular-webpack-workflow@1.1.0~prestart: no script for prestart, continuing
7 info lifecycle angular-webpack-workflow@1.1.0~start: angular-webpack-workflow@1.1.0
8 verbose lifecycle angular-webpack-workflow@1.1.0~start: unsafe-perm in lifecycle true
9 verbose lifecycle angular-webpack-workflow@1.1.0~start: PATH: C:\Program Files\nodejs\node_modules\npm\bin\node-gyp-bin;C:\Program Files\Apache24\htdocs\alhackthon\trackiii\node_modules\.bin;C:\ProgramData\Oracle\Java\javapath;C:\WINDOWS\system32;C:\WINDOWS;C:\WINDOWS\System32\Wbem;C:\WINDOWS\System32\WindowsPowerShell\v1.0\;C:\Program Files\PHP-7.0.11;C:\Program Files\TortoiseSVN\bin;C:\WINDOWS\system32\config\systemprofile\.dnx\bin;C:\Program Files\Microsoft DNX\Dnvm\;C:\Program Files\Microsoft SQL Server\130\Tools\Binn\;C:\Program Files\nodejs\;C:\Program Files\OpenSSH\bin;C:\Program Files\Git\cmd;C:\Program Files (x86)\Yarn\bin;C:\Ruby24-x64\bin;C:\Users\Ricardo\AppData\Local\Microsoft\WindowsApps;C:\Users\Ricardo\AppData\Roaming\npm;C:\Users\Ricardo\AppData\Local\Yarn\bin;
10 verbose lifecycle angular-webpack-workflow@1.1.0~start: CWD: C:\Program Files\Apache24\htdocs\alhackthon\trackiii
11 silly lifecycle angular-webpack-workflow@1.1.0~start: Args: [ '/d /s /c', 'npm run server' ]
12 silly lifecycle angular-webpack-workflow@1.1.0~start: Returned: code: 3221225786  signal: null
13 info lifecycle angular-webpack-workflow@1.1.0~start: Failed to exec start script
14 verbose stack Error: angular-webpack-workflow@1.1.0 start: `npm run server`
14 verbose stack Exit status 3221225786
14 verbose stack     at EventEmitter.<anonymous> (C:\Program Files\nodejs\node_modules\npm\lib\utils\lifecycle.js:255:16)
14 verbose stack     at emitTwo (events.js:106:13)
14 verbose stack     at EventEmitter.emit (events.js:191:7)
14 verbose stack     at ChildProcess.<anonymous> (C:\Program Files\nodejs\node_modules\npm\lib\utils\spawn.js:40:14)
14 verbose stack     at emitTwo (events.js:106:13)
14 verbose stack     at ChildProcess.emit (events.js:191:7)
14 verbose stack     at maybeClose (internal/child_process.js:877:16)
14 verbose stack     at Process.ChildProcess._handle.onexit (internal/child_process.js:226:5)
15 verbose pkgid angular-webpack-workflow@1.1.0
16 verbose cwd C:\Program Files\Apache24\htdocs\alhackthon\trackiii
17 error Windows_NT 10.0.16299
18 error argv "C:\\Program Files\\nodejs\\node.exe" "C:\\Program Files\\nodejs\\node_modules\\npm\\bin\\npm-cli.js" "start"
19 error node v6.9.1
20 error npm  v3.10.8
21 error code ELIFECYCLE
22 error angular-webpack-workflow@1.1.0 start: `npm run server`
22 error Exit status 3221225786
23 error Failed at the angular-webpack-workflow@1.1.0 start script 'npm run server'.
23 error Make sure you have the latest version of node.js and npm installed.
23 error If you do, this is most likely a problem with the angular-webpack-workflow package,
23 error not with npm itself.
23 error Tell the author that this fails on your system:
23 error     npm run server
23 error You can get information on how to open an issue for this project with:
23 error     npm bugs angular-webpack-workflow
23 error Or if that isn't available, you can get their info via:
23 error     npm owner ls angular-webpack-workflow
23 error There is likely additional logging output above.
24 verbose exit [ 1, true ]
